16:59:25.808 [main] DEBUG org.apache.poi.openxml4j.opc.PackageRelationshipCollection - Parsing relationship: /_rels/.rels
16:59:25.827 [main] DEBUG org.apache.poi.openxml4j.opc.PackageRelationshipCollection - Parsing relationship: /xl/_rels/workbook.xml.rels
16:59:25.828 [main] DEBUG org.apache.poi.openxml4j.opc.PackageRelationshipCollection - Parsing relationship: /_rels/.rels
16:59:25.837 [main] DEBUG org.apache.poi.openxml4j.opc.PackageRelationshipCollection - Parsing relationship: /xl/_rels/workbook.xml.rels
16:59:25.839 [main] DEBUG org.apache.poi.openxml4j.opc.PackageRelationshipCollection - Parsing relationship: /_rels/.rels
16:59:25.847 [main] DEBUG org.apache.poi.openxml4j.opc.PackageRelationshipCollection - Parsing relationship: /xl/_rels/workbook.xml.rels
16:59:25.848 [main] DEBUG org.apache.poi.openxml4j.opc.PackageRelationshipCollection - Parsing relationship: /_rels/.rels
16:59:25.856 [main] DEBUG org.apache.poi.openxml4j.opc.PackageRelationshipCollection - Parsing relationship: /xl/_rels/workbook.xml.rels
16:59:25.857 [main] DEBUG org.apache.poi.openxml4j.opc.PackageRelationshipCollection - Parsing relationship: /_rels/.rels
16:59:25.867 [main] DEBUG org.apache.poi.openxml4j.opc.PackageRelationshipCollection - Parsing relationship: /xl/_rels/workbook.xml.rels
16:59:25.867 [main] DEBUG org.apache.poi.openxml4j.opc.PackageRelationshipCollection - Parsing relationship: /_rels/.rels
16:59:25.873 [main] DEBUG org.apache.poi.openxml4j.opc.PackageRelationshipCollection - Parsing relationship: /xl/_rels/workbook.xml.rels
16:59:25.873 [main] DEBUG org.apache.poi.openxml4j.opc.PackageRelationshipCollection - Parsing relationship: /_rels/.rels
16:59:25.879 [main] DEBUG org.apache.poi.openxml4j.opc.PackageRelationshipCollection - Parsing relationship: /xl/_rels/workbook.xml.rels
16:59:25.879 [main] DEBUG org.apache.poi.openxml4j.opc.PackageRelationshipCollection - Parsing relationship: /_rels/.rels
16:59:25.886 [main] DEBUG org.apache.poi.openxml4j.opc.PackageRelationshipCollection - Parsing relationship: /xl/_rels/workbook.xml.rels
16:59:25.886 [main] DEBUG org.apache.poi.openxml4j.opc.PackageRelationshipCollection - Parsing relationship: /_rels/.rels
16:59:25.904 [main] INFO  testCases.LoginDDTest - ***** STARTING validateRegisteredUserLoginDataDrivenTest *****
16:59:25.911 [main] INFO  testCases.LoginDDTest - Entering Registered User Credentials.....
16:59:26.053 [main] INFO  testCases.LoginDDTest - Clicked on Login Button.....
16:59:26.173 [main] INFO  testCases.LoginDDTest - ***** ENDING validateRegisteredUserLoginDataDrivenTest *****
16:59:26.208 [main] INFO  testCases.LoginDDTest - ***** STARTING validateRegisteredUserLoginDataDrivenTest *****
16:59:26.208 [main] INFO  testCases.LoginDDTest - Entering Registered User Credentials.....
16:59:26.276 [main] INFO  testCases.LoginDDTest - Clicked on Login Button.....
16:59:26.384 [main] INFO  testCases.LoginDDTest - ***** ENDING validateRegisteredUserLoginDataDrivenTest *****
16:59:26.387 [main] INFO  testCases.LoginDDTest - ***** STARTING validateRegisteredUserLoginDataDrivenTest *****
16:59:26.387 [main] INFO  testCases.LoginDDTest - Entering Registered User Credentials.....
16:59:26.457 [main] INFO  testCases.LoginDDTest - Clicked on Login Button.....
16:59:36.487 [main] INFO  testCases.LoginDDTest - ***** ENDING validateRegisteredUserLoginDataDrivenTest *****
17:00:25.474 [TestNG-tests-1] INFO  testCases.LoginTest - CHROME Browser launched
17:00:25.920 [TestNG-tests-2] INFO  testCases.LoginTest - FIREFOX Browser launched
17:00:26.170 [TestNG-tests-1] INFO  testCases.LoginTest - ***** STARTING LoginTest *****
17:00:26.179 [TestNG-tests-1] INFO  testCases.LoginTest - Entering Registered User Credentials.....
17:00:27.076 [TestNG-tests-2] INFO  testCases.LoginTest - ***** STARTING LoginTest *****
17:00:27.076 [TestNG-tests-2] INFO  testCases.LoginTest - Entering Registered User Credentials.....
17:00:27.365 [TestNG-tests-1] INFO  testCases.LoginTest - Clicked on Login Button.....
17:00:27.583 [TestNG-tests-2] INFO  testCases.LoginTest - Clicked on Login Button.....
17:00:37.602 [TestNG-tests-1] ERROR testCases.LoginTest - ***** TEST FAILURE *****
17:00:47.605 [TestNG-tests-2] ERROR testCases.LoginTest - ***** TEST FAILURE *****
17:01:17.476 [main] INFO  testCases.LoginTest - CHROME Browser launched
17:01:18.186 [main] INFO  testCases.LoginTest - ***** STARTING LoginTest *****
17:01:18.193 [main] INFO  testCases.LoginTest - Entering Registered User Credentials.....
17:01:18.350 [main] INFO  testCases.LoginTest - Clicked on Login Button.....
17:01:18.375 [main] INFO  testCases.LoginTest - Validating User Login.....
17:01:18.375 [main] INFO  testCases.LoginTest - User Login Successful.....
17:01:18.474 [main] INFO  testCases.LoginTest - Validating User Logout.....
17:01:18.487 [main] INFO  testCases.LoginTest - User Logout Successful.....
17:01:18.487 [main] INFO  testCases.LoginTest - ***** ENDING LoginTest *****
17:01:19.652 [main] INFO  testCases.LoginTest - FIREFOX Browser launched
