17:01:20.758 [main] INFO  testCases.LoginTest - ***** STARTING LoginTest *****
17:01:20.764 [main] INFO  testCases.LoginTest - Entering Registered User Credentials.....
17:01:21.040 [main] INFO  testCases.LoginTest - Clicked on Login Button.....
17:01:21.060 [main] INFO  testCases.LoginTest - Validating User Login.....
17:01:21.060 [main] INFO  testCases.LoginTest - User Login Successful.....
17:01:21.480 [main] INFO  testCases.LoginTest - Validating User Logout.....
17:01:21.495 [main] INFO  testCases.LoginTest - User Logout Successful.....
17:01:21.495 [main] INFO  testCases.LoginTest - ***** ENDING LoginTest *****
17:49:03.972 [main] INFO  testCases.PurchaseItemTest - CHROME Browser launched
17:49:04.658 [main] INFO  testCases.PurchaseItemTest - ***** STARTING PurchaseItemTest *****
17:49:04.666 [main] INFO  testCases.PurchaseItemTest - Entering Registered User Credentials.....
17:49:04.817 [main] INFO  testCases.PurchaseItemTest - Clicked on Login Button.....
17:49:04.843 [main] INFO  testCases.PurchaseItemTest - Item added to cart.....
17:49:04.865 [main] INFO  testCases.PurchaseItemTest - Clicked on cart.....
17:49:04.888 [main] INFO  testCases.PurchaseItemTest - Clicked on Checkout button.....
17:49:05.005 [main] INFO  testCases.PurchaseItemTest - Entered User Information.....
17:49:05.029 [main] INFO  testCases.PurchaseItemTest - Clicked on Finish button.....
17:49:05.045 [main] INFO  testCases.PurchaseItemTest - ***** ENDING PurchaseItemTest *****
17:50:12.596 [main] INFO  testCases.PurchaseItemTest - CHROME Browser launched
17:50:13.310 [main] INFO  testCases.PurchaseItemTest - ***** STARTING PurchaseItemTest *****
17:50:13.316 [main] INFO  testCases.PurchaseItemTest - Entering Registered User Credentials.....
17:50:13.464 [main] INFO  testCases.PurchaseItemTest - Clicked on Login Button.....
17:50:13.488 [main] INFO  testCases.PurchaseItemTest - Item added to cart.....
17:50:13.511 [main] INFO  testCases.PurchaseItemTest - Clicked on cart.....
17:50:13.535 [main] INFO  testCases.PurchaseItemTest - Clicked on Checkout button.....
17:50:13.645 [main] INFO  testCases.PurchaseItemTest - Entered User Information.....
17:50:13.670 [main] INFO  testCases.PurchaseItemTest - Clicked on Finish button.....
17:50:13.689 [main] INFO  testCases.PurchaseItemTest - Item purchase successful!
17:50:13.690 [main] INFO  testCases.PurchaseItemTest - ***** ENDING PurchaseItemTest *****
17:52:07.505 [main] INFO  testCases.PurchaseItemTest - FIREFOX Browser launched
17:52:08.986 [main] INFO  testCases.PurchaseItemTest - ***** STARTING PurchaseItemTest *****
17:52:08.997 [main] INFO  testCases.PurchaseItemTest - Entering Registered User Credentials.....
17:52:09.279 [main] INFO  testCases.PurchaseItemTest - Clicked on Login Button.....
17:52:09.494 [main] INFO  testCases.PurchaseItemTest - Item added to cart.....
17:52:09.713 [main] INFO  testCases.PurchaseItemTest - Clicked on cart.....
17:52:09.926 [main] INFO  testCases.PurchaseItemTest - Clicked on Checkout button.....
17:52:10.178 [main] INFO  testCases.PurchaseItemTest - Entered User Information.....
17:52:10.408 [main] INFO  testCases.PurchaseItemTest - Clicked on Finish button.....
17:52:10.434 [main] INFO  testCases.PurchaseItemTest - Item purchase successful!
17:52:10.436 [main] INFO  testCases.PurchaseItemTest - ***** ENDING PurchaseItemTest *****
11:59:19.625 [main] INFO  testCases.LoginTest - CHROME Browser launched
11:59:20.493 [main] INFO  testCases.LoginTest - ***** STARTING LoginTest *****
11:59:20.500 [main] INFO  testCases.LoginTest - Entering Registered User Credentials.....
11:59:20.649 [main] INFO  testCases.LoginTest - Clicked on Login Button.....
11:59:20.676 [main] INFO  testCases.LoginTest - Validating User Login.....
11:59:20.676 [main] INFO  testCases.LoginTest - User Login Successful.....
11:59:20.838 [main] INFO  testCases.LoginTest - Validating User Logout.....
11:59:20.852 [main] INFO  testCases.LoginTest - User Logout Successful.....
11:59:20.852 [main] INFO  testCases.LoginTest - ***** ENDING LoginTest *****
11:59:22.285 [main] INFO  testCases.LoginTest - FIREFOX Browser launched
11:59:23.819 [main] INFO  testCases.LoginTest - ***** STARTING LoginTest *****
11:59:23.819 [main] INFO  testCases.LoginTest - Entering Registered User Credentials.....
11:59:24.092 [main] INFO  testCases.LoginTest - Clicked on Login Button.....
11:59:24.109 [main] INFO  testCases.LoginTest - Validating User Login.....
11:59:24.109 [main] INFO  testCases.LoginTest - User Login Successful.....
11:59:24.528 [main] INFO  testCases.LoginTest - Validating User Logout.....
11:59:24.539 [main] INFO  testCases.LoginTest - User Logout Successful.....
11:59:24.539 [main] INFO  testCases.LoginTest - ***** ENDING LoginTest *****
12:35:54.220 [main] INFO  testCases.LoginTest - CHROME Browser launched
12:35:55.552 [main] INFO  testCases.LoginTest - ***** STARTING LoginTest *****
12:35:55.563 [main] INFO  testCases.LoginTest - Entering Registered User Credentials.....
12:35:55.707 [main] INFO  testCases.LoginTest - Clicked on Login Button.....
