12:35:55.729 [main] INFO  testCases.LoginTest - Validating User Login.....
12:35:55.733 [main] INFO  testCases.LoginTest - User Login Successful.....
12:35:55.837 [main] INFO  testCases.LoginTest - Validating User Logout.....
12:35:55.851 [main] INFO  testCases.LoginTest - User Logout Successful.....
12:35:55.851 [main] INFO  testCases.LoginTest - ***** ENDING LoginTest *****
12:37:11.102 [main] INFO  testCases.PurchaseItemTest - CHROME Browser launched
12:37:12.814 [main] INFO  testCases.PurchaseItemTest - ***** STARTING PurchaseItemTest *****
12:37:12.821 [main] INFO  testCases.PurchaseItemTest - Entering Registered User Credentials.....
12:37:12.969 [main] INFO  testCases.PurchaseItemTest - Clicked on Login Button.....
12:37:12.993 [main] INFO  testCases.PurchaseItemTest - Item added to cart.....
12:37:13.016 [main] INFO  testCases.PurchaseItemTest - Clicked on cart.....
12:37:13.041 [main] INFO  testCases.PurchaseItemTest - Clicked on Checkout button.....
12:37:13.155 [main] INFO  testCases.PurchaseItemTest - Entered User Information.....
12:37:13.178 [main] INFO  testCases.PurchaseItemTest - Clicked on Finish button.....
12:37:13.193 [main] INFO  testCases.PurchaseItemTest - Item purchase successful!
12:37:13.195 [main] INFO  testCases.PurchaseItemTest - ***** ENDING PurchaseItemTest *****
12:38:00.750 [main] INFO  testCases.PurchaseItemTest - CHROME Browser launched
12:38:03.493 [main] INFO  testCases.PurchaseItemTest - ***** STARTING PurchaseItemTest *****
12:38:03.503 [main] INFO  testCases.PurchaseItemTest - Entering Registered User Credentials.....
12:38:03.647 [main] INFO  testCases.PurchaseItemTest - Clicked on Login Button.....
12:38:03.671 [main] INFO  testCases.PurchaseItemTest - Item added to cart.....
12:38:03.694 [main] INFO  testCases.PurchaseItemTest - Clicked on cart.....
12:38:03.714 [main] INFO  testCases.PurchaseItemTest - Clicked on Checkout button.....
12:38:03.819 [main] INFO  testCases.PurchaseItemTest - Entered User Information.....
12:38:03.841 [main] INFO  testCases.PurchaseItemTest - Clicked on Finish button.....
12:38:03.857 [main] INFO  testCases.PurchaseItemTest - Item purchase successful!
12:38:03.859 [main] INFO  testCases.PurchaseItemTest - ***** ENDING PurchaseItemTest *****
13:42:01.714 [main] INFO  testCases.LoginTest - CHROME Browser launched
13:42:02.728 [main] INFO  testCases.LoginTest - ***** STARTING LoginTest *****
13:42:02.738 [main] INFO  testCases.LoginTest - Entering Registered User Credentials.....
13:42:02.884 [main] INFO  testCases.LoginTest - Clicked on Login Button.....
13:42:02.906 [main] INFO  testCases.LoginTest - Validating User Login.....
13:42:02.906 [main] INFO  testCases.LoginTest - User Login Successful.....
13:42:03.005 [main] INFO  testCases.LoginTest - Validating User Logout.....
13:42:03.018 [main] INFO  testCases.LoginTest - User Logout Successful.....
13:42:03.018 [main] INFO  testCases.LoginTest - ***** ENDING LoginTest *****
20:16:56.892 [main] INFO  testCases.LoginTest - CHROME Browser launched
20:16:58.674 [main] INFO  testCases.LoginTest - ***** STARTING LoginTest *****
20:16:58.683 [main] INFO  testCases.LoginTest - Entering Registered User Credentials.....
20:16:58.832 [main] INFO  testCases.LoginTest - Clicked on Login Button.....
20:16:58.855 [main] INFO  testCases.LoginTest - Validating User Login.....
20:16:58.855 [main] INFO  testCases.LoginTest - User Login Successful.....
20:16:58.955 [main] INFO  testCases.LoginTest - Validating User Logout.....
20:16:58.968 [main] INFO  testCases.LoginTest - User Logout Successful.....
20:16:58.968 [main] INFO  testCases.LoginTest - ***** ENDING LoginTest *****
20:23:39.992 [main] INFO  testCases.LoginTest - CHROME Browser launched
20:23:42.885 [main] INFO  testCases.LoginTest - ***** STARTING LoginTest *****
20:23:42.898 [main] INFO  testCases.LoginTest - Entering Registered User Credentials.....
20:23:43.065 [main] INFO  testCases.LoginTest - Clicked on Login Button.....
20:23:43.088 [main] INFO  testCases.LoginTest - Validating User Login.....
20:23:43.088 [main] INFO  testCases.LoginTest - User Login Successful.....
20:23:43.190 [main] INFO  testCases.LoginTest - Validating User Logout.....
20:23:43.203 [main] INFO  testCases.LoginTest - User Logout Successful.....
20:23:43.203 [main] INFO  testCases.LoginTest - ***** ENDING LoginTest *****
20:24:23.313 [main] INFO  testCases.LoginTest - CHROME Browser launched
20:24:24.408 [main] INFO  testCases.LoginTest - ***** STARTING LoginTest *****
20:24:24.416 [main] INFO  testCases.LoginTest - Entering Registered User Credentials.....
20:24:24.566 [main] INFO  testCases.LoginTest - Clicked on Login Button.....
20:24:24.590 [main] INFO  testCases.LoginTest - Validating User Login.....
20:24:24.590 [main] INFO  testCases.LoginTest - User Login Successful.....
20:24:24.691 [main] INFO  testCases.LoginTest - Validating User Logout.....
20:24:24.706 [main] INFO  testCases.LoginTest - User Logout Successful.....
20:24:24.706 [main] INFO  testCases.LoginTest - ***** ENDING LoginTest *****
