18:48:52.079 [main] INFO  testCases.LoginTest - CHROME Browser launched
18:48:53.878 [main] INFO  testCases.LoginTest - ***** STARTING LoginTest *****
18:48:53.891 [main] INFO  testCases.LoginTest - Entering Registered User Credentials.....
18:48:54.043 [main] INFO  testCases.LoginTest - Clicked on Login Button.....
18:48:54.067 [main] INFO  testCases.LoginTest - Validating User Login.....
18:48:54.067 [main] INFO  testCases.LoginTest - User Login Successful.....
18:48:54.229 [main] INFO  testCases.LoginTest - Validating User Logout.....
18:48:54.245 [main] INFO  testCases.LoginTest - User Logout Successful.....
18:48:54.245 [main] INFO  testCases.LoginTest - ***** ENDING LoginTest *****
14:51:46.312 [main] INFO  testCases.LoginTest - CHROME Browser launched
14:51:46.997 [main] INFO  testCases.LoginTest - ***** STARTING LoginTest *****
14:51:47.005 [main] INFO  testCases.LoginTest - Entering Registered User Credentials.....
14:51:47.153 [main] INFO  testCases.LoginTest - Clicked on Login Button.....
14:51:47.177 [main] INFO  testCases.LoginTest - Validating User Login.....
14:51:47.177 [main] INFO  testCases.LoginTest - User Login Successful.....
14:51:47.280 [main] INFO  testCases.LoginTest - Validating User Logout.....
14:51:47.294 [main] INFO  testCases.LoginTest - User Logout Successful.....
14:51:47.294 [main] INFO  testCases.LoginTest - ***** ENDING LoginTest *****
14:53:58.243 [main] INFO  testCases.PurchaseItemTest - CHROME Browser launched
14:53:58.950 [main] INFO  testCases.PurchaseItemTest - ***** STARTING PurchaseItemTest *****
14:53:58.958 [main] INFO  testCases.PurchaseItemTest - Entering Registered User Credentials.....
14:53:59.107 [main] INFO  testCases.PurchaseItemTest - Clicked on Login Button.....
14:53:59.133 [main] INFO  testCases.PurchaseItemTest - Item added to cart.....
14:53:59.156 [main] INFO  testCases.PurchaseItemTest - Clicked on cart.....
14:53:59.179 [main] INFO  testCases.PurchaseItemTest - Clicked on Checkout button.....
14:53:59.294 [main] INFO  testCases.PurchaseItemTest - Entered User Information.....
14:53:59.321 [main] INFO  testCases.PurchaseItemTest - Clicked on Finish button.....
14:53:59.338 [main] INFO  testCases.PurchaseItemTest - Item purchase successful!
14:53:59.340 [main] INFO  testCases.PurchaseItemTest - ***** ENDING PurchaseItemTest *****
14:55:37.380 [main] INFO  testCases.LoginTest - CHROME Browser launched
14:55:38.064 [main] INFO  testCases.LoginTest - ***** STARTING LoginTest *****
14:55:38.071 [main] INFO  testCases.LoginTest - Entering Registered User Credentials.....
14:55:38.218 [main] INFO  testCases.LoginTest - Clicked on Login Button.....
14:55:38.241 [main] INFO  testCases.LoginTest - Validating User Login.....
14:55:38.241 [main] INFO  testCases.LoginTest - User Login Successful.....
14:55:38.346 [main] INFO  testCases.LoginTest - Validating User Logout.....
14:55:38.360 [main] INFO  testCases.LoginTest - User Logout Successful.....
14:55:38.360 [main] INFO  testCases.LoginTest - ***** ENDING LoginTest *****
13:44:36.307 [main] INFO  testCases.LoginTest - CHROME Browser launched
13:44:37.222 [main] INFO  testCases.LoginTest - ***** STARTING LoginTest *****
13:44:37.231 [main] INFO  testCases.LoginTest - Entering Registered User Credentials.....
13:44:37.390 [main] INFO  testCases.LoginTest - Clicked on Login Button.....
13:44:37.416 [main] INFO  testCases.LoginTest - Validating User Login.....
13:44:37.416 [main] INFO  testCases.LoginTest - User Login Successful.....
13:44:37.591 [main] INFO  testCases.LoginTest - Validating User Logout.....
13:44:37.608 [main] INFO  testCases.LoginTest - User Logout Successful.....
13:44:37.608 [main] INFO  testCases.LoginTest - ***** ENDING LoginTest *****
14:35:21.968 [main] INFO  testCases.LoginTest - CHROME Browser launched
14:35:24.197 [main] INFO  testCases.LoginTest - ***** STARTING LoginTest *****
14:35:24.208 [main] INFO  testCases.LoginTest - Entering Registered User Credentials.....
14:35:24.362 [main] INFO  testCases.LoginTest - Clicked on Login Button.....
14:35:24.389 [main] INFO  testCases.LoginTest - Validating User Login.....
14:35:24.389 [main] INFO  testCases.LoginTest - User Login Successful.....
14:35:24.485 [main] INFO  testCases.LoginTest - Validating User Logout.....
14:35:24.499 [main] INFO  testCases.LoginTest - User Logout Successful.....
14:35:24.499 [main] INFO  testCases.LoginTest - ***** ENDING LoginTest *****
05:41:36.111 [main] INFO  testCases.LoginTest - CHROME Browser launched
05:41:37.143 [main] INFO  testCases.LoginTest - ***** STARTING LoginTest *****
05:41:37.152 [main] INFO  testCases.LoginTest - Entering Registered User Credentials.....
05:41:37.303 [main] INFO  testCases.LoginTest - Clicked on Login Button.....
05:41:37.327 [main] INFO  testCases.LoginTest - Validating User Login.....
05:41:37.327 [main] INFO  testCases.LoginTest - User Login Successful.....
05:41:37.425 [main] INFO  testCases.LoginTest - Validating User Logout.....
05:41:37.439 [main] INFO  testCases.LoginTest - User Logout Successful.....
